d:\sources\sftpv2\debug\sftpv2\vc143.pdb
d:\sources\sftpv2\debug\sftpv2\sitelogindlg.obj
d:\sources\sftpv2\debug\sftpv2\unitlist.obj
d:\sources\sftpv2\debug\sftpv2\unitdsc.obj
d:\sources\sftpv2\debug\sftpv2\apputilities.obj
d:\sources\sftpv2\debug\sftpv2\site.obj
d:\sources\sftpv2\debug\sftpv2\pch.obj
d:\sources\sftpv2\debug\sftpv2\sftpv2view.obj
d:\sources\sftpv2\debug\sftpv2\sftpv2doc.obj
d:\sources\sftpv2\debug\sftpv2\sftpv2.obj
d:\sources\sftpv2\debug\sftpv2\remotesite.obj
d:\sources\sftpv2\debug\sftpv2\picktransaction.obj
d:\sources\sftpv2\debug\sftpv2\mytoolbar.obj
d:\sources\sftpv2\debug\sftpv2\mainframe.obj
d:\sources\sftpv2\debug\sftpv2\localsite.obj
d:\sources\sftpv2\debug\sftpv2\dirlist.obj
d:\sources\sftpv2\debug\sftpv2\rptorientdlgtwo.obj
d:\sources\sftpv2\debug\sftpv2\optionsdlg.obj
d:\sources\sftpv2\debug\sftpv2\aboutdlg.obj
d:\sources\sftpv2\debug\sftpv2.exe
d:\sources\sftpv2\debug\sftpv2.pdb
d:\sources\sftpv2\debug\sftpv2\sftpv2.res
d:\sources\sftpv2\debug\sftpv2\sftpv2.iobj
d:\sources\sftpv2\sftpv2\..\debug\sftpv2.pdb
d:\sources\sftpv2\sftpv2\..\debug\sftpv2\sftpv2.vcxproj.filelistabsolute.txt
d:\sources\sftpv2\debug\sftpv2\sftpv2.tlog\cl.command.1.tlog
d:\sources\sftpv2\debug\sftpv2\sftpv2.tlog\cl.items.tlog
d:\sources\sftpv2\debug\sftpv2\sftpv2.tlog\cl.read.1.tlog
d:\sources\sftpv2\debug\sftpv2\sftpv2.tlog\cl.write.1.tlog
d:\sources\sftpv2\debug\sftpv2\sftpv2.tlog\link.command.1.tlog
d:\sources\sftpv2\debug\sftpv2\sftpv2.tlog\link.read.1.tlog
d:\sources\sftpv2\debug\sftpv2\sftpv2.tlog\link.secondary.1.tlog
d:\sources\sftpv2\debug\sftpv2\sftpv2.tlog\link.write.1.tlog
d:\sources\sftpv2\debug\sftpv2\sftpv2.tlog\rc.command.1.tlog
d:\sources\sftpv2\debug\sftpv2\sftpv2.tlog\rc.read.1.tlog
d:\sources\sftpv2\debug\sftpv2\sftpv2.tlog\rc.write.1.tlog
