d:\sources\sftpv2\debug\sftpsslv2.pdb
d:\sources\sftpv2\debug\sftpsslv2\workerthrd.obj
d:\sources\sftpv2\debug\sftpsslv2\sftptransport.obj
d:\sources\sftpv2\debug\sftpsslv2\sftputilities.obj
d:\sources\sftpv2\debug\sftpsslv2\sftpstore.obj
d:\sources\sftpv2\debug\sftpsslv2\sftpsslv2.obj
d:\sources\sftpv2\debug\sftpsslv2\sftpssli.obj
d:\sources\sftpv2\debug\sftpsslv2\sftpsocket.obj
d:\sources\sftpv2\debug\sftpsslv2\sftplog.obj
d:\sources\sftpv2\debug\sftpsslv2\sftperr.obj
d:\sources\sftpv2\debug\sftpsslv2\sftpdataiter.obj
d:\sources\sftpv2\debug\sftpsslv2\sftpblock.obj
d:\sources\sftpv2\debug\sftpsslv2\pch.obj
d:\sources\sftpv2\debug\sftpsslv2\issslerr.obj
d:\sources\sftpv2\debug\sftpsslv2\debugit.obj
d:\sources\sftpv2\debug\sftpsslv2.lib
d:\sources\sftpv2\sftpv2\..\debug\sftpsslv2.pdb
d:\sources\sftpv2\sftpv2\..\debug\sftpsslv2\sftpsslv2.vcxproj.filelistabsolute.txt
d:\sources\sftpv2\debug\sftpsslv2\sftpsslv2.tlog\cl.command.1.tlog
d:\sources\sftpv2\debug\sftpsslv2\sftpsslv2.tlog\cl.items.tlog
d:\sources\sftpv2\debug\sftpsslv2\sftpsslv2.tlog\cl.read.1.tlog
d:\sources\sftpv2\debug\sftpsslv2\sftpsslv2.tlog\cl.write.1.tlog
d:\sources\sftpv2\debug\sftpsslv2\sftpsslv2.tlog\lib-link.read.1.tlog
d:\sources\sftpv2\debug\sftpsslv2\sftpsslv2.tlog\lib-link.write.1.tlog
d:\sources\sftpv2\debug\sftpsslv2\sftpsslv2.tlog\lib.command.1.tlog
